<?xml version="1.0" encoding="UTF-8"?>
<!-- Generated by org.testng.reporters.JUnitXMLReporter -->
<testsuite hostname="sony-PC" name="Test" tests="2" failures="2" timestamp="13 Dec 2017 19:28:11 GMT" time="23.274" errors="0">
  <testcase name="loginLogOut" time="0.598" classname="testCases.TC001_Login">
    <failure type="java.lang.RuntimeException" message="FAILED">
      <![CDATA[java.lang.RuntimeException: FAILED
	at utils.Reporter.reportStep(Reporter.java:57)
	at pages.LoginPage.<init>(LoginPage.java:17)
	at testCases.TC001_Login.loginLogOut(TC001_Login.java:23)
... Removed 24 stack frames]]>
    </failure>
  </testcase> <!-- loginLogOut -->
  <testcase name="loginLogOut" time="0.584" classname="testCases.TC001_Login">
    <failure type="java.lang.RuntimeException" message="FAILED">
      <![CDATA[java.lang.RuntimeException: FAILED
	at utils.Reporter.reportStep(Reporter.java:57)
	at pages.LoginPage.<init>(LoginPage.java:17)
	at testCases.TC001_Login.loginLogOut(TC001_Login.java:23)
... Removed 24 stack frames]]>
    </failure>
  </testcase> <!-- loginLogOut -->
</testsuite> <!-- Test -->
