<?xml version="1.0" encoding="UTF-8"?>
<!-- Generated by org.testng.reporters.JUnitXMLReporter -->
<testsuite hostname="sony-PC" name="Test" tests="2" failures="2" timestamp="1 Dec 2017 02:36:52 GMT" time="30.061" errors="0">
  <testcase name="loginLogOut" time="0.652" classname="testCases.TC001_Login">
    <failure type="java.lang.RuntimeException" message="FAILED">
      <![CDATA[java.lang.RuntimeException: FAILED
	at utils.Reporter.reportStep(Reporter.java:31)
	at pages.LoginPage.<init>(LoginPage.java:15)
	at testCases.TC001_Login.loginLogOut(TC001_Login.java:23)
... Removed 24 stack frames]]>
    </failure>
  </testcase> <!-- loginLogOut -->
  <testcase name="loginLogOut" time="0.586" classname="testCases.TC001_Login">
    <failure type="java.lang.RuntimeException" message="FAILED">
      <![CDATA[java.lang.RuntimeException: FAILED
	at utils.Reporter.reportStep(Reporter.java:31)
	at pages.LoginPage.<init>(LoginPage.java:15)
	at testCases.TC001_Login.loginLogOut(TC001_Login.java:23)
... Removed 24 stack frames]]>
    </failure>
  </testcase> <!-- loginLogOut -->
</testsuite> <!-- Test -->
