<?xml version="1.0" encoding="UTF-8"?>
<testng-results skipped="0" failed="0" total="2" passed="2">
  <reporter-output>
  </reporter-output>
  <suite name="Suite" duration-ms="21029" started-at="2017-12-17T19:14:52Z" finished-at="2017-12-17T19:15:13Z">
    <groups>
    </groups>
    <test name="Test" duration-ms="21029" started-at="2017-12-17T19:14:52Z" finished-at="2017-12-17T19:15:13Z">
      <class name="testCases.TC001_Login">
        <test-method status="PASS" signature="beforeSuite()[pri:0, instance:testCases.TC001_Login@1275dab]" name="beforeSuite" is-config="true" duration-ms="212" started-at="2017-12-18T00:44:52Z" finished-at="2017-12-18T00:44:52Z">
          <reporter-output>
          </reporter-output>
        </test-method> <!-- beforeSuite -->
        <test-method status="PASS" signature="beforeTest()[pri:0, instance:testCases.TC001_Login@1275dab]" name="beforeTest" is-config="true" duration-ms="0" started-at="2017-12-18T00:44:52Z" finished-at="2017-12-18T00:44:52Z">
          <reporter-output>
          </reporter-output>
        </test-method> <!-- beforeTest -->
        <test-method status="PASS" signature="setValues()[pri:0, instance:testCases.TC001_Login@1275dab]" name="setValues" is-config="true" duration-ms="1" started-at="2017-12-18T00:44:52Z" finished-at="2017-12-18T00:44:52Z">
          <reporter-output>
          </reporter-output>
        </test-method> <!-- setValues -->
        <test-method status="PASS" signature="beforeMethod()[pri:0, instance:testCases.TC001_Login@1275dab]" name="beforeMethod" is-config="true" duration-ms="7867" started-at="2017-12-18T00:44:52Z" finished-at="2017-12-18T00:45:00Z">
          <reporter-output>
          </reporter-output>
        </test-method> <!-- beforeMethod -->
        <test-method status="PASS" signature="loginLogOut(java.lang.String, java.lang.String)[pri:0, instance:testCases.TC001_Login@1275dab]" name="loginLogOut" duration-ms="717" started-at="2017-12-18T00:45:00Z" data-provider="fetchData" finished-at="2017-12-18T00:45:01Z">
          <params>
            <param index="0">
              <value>
                <![CDATA[DemoCSR]]>
              </value>
            </param>
            <param index="1">
              <value>
                <![CDATA[crmsfa]]>
              </value>
            </param>
          </params>
          <reporter-output>
          </reporter-output>
        </test-method> <!-- loginLogOut -->
        <test-method status="PASS" signature="afterMethod()[pri:0, instance:testCases.TC001_Login@1275dab]" name="afterMethod" is-config="true" duration-ms="200" started-at="2017-12-18T00:45:01Z" finished-at="2017-12-18T00:45:01Z">
          <reporter-output>
          </reporter-output>
        </test-method> <!-- afterMethod -->
        <test-method status="PASS" signature="beforeMethod()[pri:0, instance:testCases.TC001_Login@1275dab]" name="beforeMethod" is-config="true" duration-ms="8736" started-at="2017-12-18T00:45:01Z" finished-at="2017-12-18T00:45:10Z">
          <reporter-output>
          </reporter-output>
        </test-method> <!-- beforeMethod -->
        <test-method status="PASS" signature="loginLogOut(java.lang.String, java.lang.String)[pri:0, instance:testCases.TC001_Login@1275dab]" name="loginLogOut" duration-ms="742" started-at="2017-12-18T00:45:10Z" data-provider="fetchData" finished-at="2017-12-18T00:45:11Z">
          <params>
            <param index="0">
              <value>
                <![CDATA[DemoSalesManager]]>
              </value>
            </param>
            <param index="1">
              <value>
                <![CDATA[crmsfa]]>
              </value>
            </param>
          </params>
          <reporter-output>
          </reporter-output>
        </test-method> <!-- loginLogOut -->
        <test-method status="PASS" signature="afterMethod()[pri:0, instance:testCases.TC001_Login@1275dab]" name="afterMethod" is-config="true" duration-ms="2311" started-at="2017-12-18T00:45:11Z" finished-at="2017-12-18T00:45:13Z">
          <reporter-output>
          </reporter-output>
        </test-method> <!-- afterMethod -->
        <test-method status="PASS" signature="afterTest()[pri:0, instance:testCases.TC001_Login@1275dab]" name="afterTest" is-config="true" duration-ms="0" started-at="2017-12-18T00:45:13Z" finished-at="2017-12-18T00:45:13Z">
          <reporter-output>
          </reporter-output>
        </test-method> <!-- afterTest -->
        <test-method status="PASS" signature="afterSuite()[pri:0, instance:testCases.TC001_Login@1275dab]" name="afterSuite" is-config="true" duration-ms="269" started-at="2017-12-18T00:45:13Z" finished-at="2017-12-18T00:45:13Z">
          <reporter-output>
          </reporter-output>
        </test-method> <!-- afterSuite -->
      </class> <!-- testCases.TC001_Login -->
    </test> <!-- Test -->
  </suite> <!-- Suite -->
</testng-results>
